#
# A fatal error has been detected by the Java Runtime Environment:
#
#  EXCEPTION_ACCESS_VIOLATION (0xc0000005) at pc=0x000000000136e6c0, pid=9912, tid=0x0000000000001268
#
# JRE version: Java(TM) SE Runtime Environment (8.0_131-b11) (build 1.8.0_131-b11)
# Java VM: Java HotSpot(TM) 64-Bit Server VM (25.131-b11 mixed mode windows-amd64 compressed oops)
# Problematic frame:
# C  0x000000000136e6c0
#
# Failed to write core dump. Minidumps are not enabled by default on client versions of Windows
#
# If you would like to submit a bug report, please visit:
#   http://bugreport.java.com/bugreport/crash.jsp
# The crash happened outside the Java Virtual Machine in native code.
# See problematic frame for where to report the bug.
#

---------------  T H R E A D  ---------------

Current thread (0x0000000019471800):  JavaThread "LWJGL Application" [_thread_in_native, id=4712, stack(0x000000001a010000,0x000000001a110000)]

siginfo: ExceptionCode=0xc0000005, ExceptionInformation=0x0000000000000008 0x000000000136e6c0

Registers:
RAX=0x000000000136e6c0, RBX=0x000000001758d320, RCX=0x000000000136e6c0, RDX=0x000000001a10ec48
RSP=0x000000001a10eb98, RBP=0x000000001a10ec18, RSI=0x0000000000014c08, RDI=0x000000000340835d
R8 =0x000000000136e6c0, R9 =0x00000000000000dc, R10=0x0000000003417f48, R11=0x0000000054f6bd80
R12=0x0000000000000000, R13=0x000000001758d320, R14=0x000000001a10ec48, R15=0x0000000019471800
RIP=0x000000000136e6c0, EFLAGS=0x0000000000010206

Top of Stack: (sp=0x000000001a10eb98)
0x000000001a10eb98:   0000000003417f74 00000000194719f8
0x000000001a10eba8:   000000001a10ec68 0000000019471800
0x000000001a10ebb8:   0000000000000000 0000000000000000
0x000000001a10ebc8:   0000000000014c08 0000000000000000
0x000000001a10ebd8:   000000001a10ebd8 0000000000000000
0x000000001a10ebe8:   000000001a10ec48 000000001758f848
0x000000001a10ebf8:   0000000000000000 000000001758d320
0x000000001a10ec08:   0000000000000000 000000001a10ec38
0x000000001a10ec18:   000000001a10ec90 000000000340835d
0x000000001a10ec28:   0000000000000000 00000000034119d8
0x000000001a10ec38:   000000000136e6c0 0000000017599838
0x000000001a10ec48:   00000000d6ec79b8 000000001a10ec50
0x000000001a10ec58:   000000001758d27d 000000001a10eca0
0x000000001a10ec68:   000000001758f848 0000000000000000
0x000000001a10ec78:   000000001758d298 000000001a10ec38
0x000000001a10ec88:   000000001a10eca0 000000001a10ece8 

Instructions: (pc=0x000000000136e6c0)
0x000000000136e6a0:   7e 7e 7e 7e 7e 7e 7e 7e 04 00 00 00 7e 7e 7e 7e
0x000000000136e6b0:   7e 7e 7e 7e 7e 7e 7e 7e 45 3c da 34 a9 4f 00 10
0x000000000136e6c0:   a8 57 da 8e f8 7f 00 00 01 00 00 00 00 00 00 00
0x000000000136e6d0:   8f c2 f5 3e cd cc 4c be 45 3c da 34 a0 4f 00 10 


Register to memory mapping:

RAX=0x000000000136e6c0 is an unknown value
RBX={method} {0x000000001758d328} 'jniDispose' '(J)V' in 'com/badlogic/gdx/physics/box2d/Shape'
RCX=0x000000000136e6c0 is an unknown value
RDX=0x000000001a10ec48 is pointing into the stack for thread: 0x0000000019471800
RSP=0x000000001a10eb98 is pointing into the stack for thread: 0x0000000019471800
RBP=0x000000001a10ec18 is pointing into the stack for thread: 0x0000000019471800
RSI=0x0000000000014c08 is an unknown value
RDI=0x000000000340835d is at code_begin+2301 in an Interpreter codelet
invoke return entry points  [0x0000000003407a60, 0x0000000003408440]  2528 bytes
R8 =0x000000000136e6c0 is an unknown value
R9 =0x00000000000000dc is an unknown value
R10=0x0000000003417f48 is at code_begin+840 in an Interpreter codelet
method entry point (kind = native)  [0x0000000003417c00, 0x0000000003418560]  2400 bytes
R11=0x0000000054f6bd80 is an unknown value
R12=0x0000000000000000 is an unknown value
R13={method} {0x000000001758d328} 'jniDispose' '(J)V' in 'com/badlogic/gdx/physics/box2d/Shape'
R14=0x000000001a10ec48 is pointing into the stack for thread: 0x0000000019471800
R15=0x0000000019471800 is a thread


Stack: [0x000000001a010000,0x000000001a110000],  sp=0x000000001a10eb98,  free space=1018k
Native frames: (J=compiled Java code, j=interpreted, Vv=VM code, C=native code)
C  0x000000000136e6c0

Java frames: (J=compiled Java code, j=interpreted, Vv=VM code)
j  com.badlogic.gdx.physics.box2d.Shape.jniDispose(J)V+0
j  com.badlogic.gdx.physics.box2d.Shape.dispose()V+5
j  com.mygdx.game.sprites.Samurai.endsAttack()V+4
j  com.mygdx.game.screens.PlayScreen.handleInput(F)V+89
j  com.mygdx.game.screens.PlayScreen.update(F)V+2
j  com.mygdx.game.screens.PlayScreen.render(F)V+2
j  com.badlogic.gdx.Game.render()V+19
j  com.mygdx.game.MyGdxGame.render()V+1
j  com.badlogic.gdx.backends.lwjgl.LwjglApplication.mainLoop()V+698
j  com.badlogic.gdx.backends.lwjgl.LwjglApplication$1.run()V+27
v  ~StubRoutines::call_stub

---------------  P R O C E S S  ---------------

Java Threads: ( => current thread )
  0x000000001a597000 JavaThread "LWJGL Timer" daemon [_thread_blocked, id=5112, stack(0x000000001aa10000,0x000000001ab10000)]
  0x00000000016b2800 JavaThread "DestroyJavaVM" [_thread_blocked, id=11648, stack(0x0000000001260000,0x0000000001360000)]
=>0x0000000019471800 JavaThread "LWJGL Application" [_thread_in_native, id=4712, stack(0x000000001a010000,0x000000001a110000)]
  0x0000000019218800 JavaThread "Service Thread" daemon [_thread_blocked, id=6860, stack(0x00000000195f0000,0x00000000196f0000)]
  0x00000000178b9800 JavaThread "C1 CompilerThread2" daemon [_thread_blocked, id=8656, stack(0x00000000190f0000,0x00000000191f0000)]
  0x00000000178b3000 JavaThread "C2 CompilerThread1" daemon [_thread_blocked, id=9296, stack(0x0000000018ff0000,0x00000000190f0000)]
  0x00000000178b0000 JavaThread "C2 CompilerThread0" daemon [_thread_blocked, id=7164, stack(0x0000000018ef0000,0x0000000018ff0000)]
  0x00000000178ae800 JavaThread "Attach Listener" daemon [_thread_blocked, id=10260, stack(0x0000000018df0000,0x0000000018ef0000)]
  0x00000000178ad000 JavaThread "Signal Dispatcher" daemon [_thread_blocked, id=10048, stack(0x0000000018cf0000,0x0000000018df0000)]
  0x000000001789a800 JavaThread "Finalizer" daemon [_thread_blocked, id=4324, stack(0x0000000018b10000,0x0000000018c10000)]
  0x00000000017a2800 JavaThread "Reference Handler" daemon [_thread_blocked, id=2952, stack(0x0000000018a10000,0x0000000018b10000)]

Other Threads:
  0x0000000017878000 VMThread [stack: 0x0000000018910000,0x0000000018a10000] [id=10588]
  0x0000000019227800 WatcherThread [stack: 0x00000000196f0000,0x00000000197f0000] [id=2272]

VM state:not at safepoint (normal execution)

VM Mutex/Monitor currently owned by a thread: None

Heap:
 PSYoungGen      total 38400K, used 19933K [0x00000000d5c00000, 0x00000000d8680000, 0x0000000100000000)
  eden space 33280K, 59% used [0x00000000d5c00000,0x00000000d6f77750,0x00000000d7c80000)
  from space 5120K, 0% used [0x00000000d8180000,0x00000000d8180000,0x00000000d8680000)
  to   space 5120K, 0% used [0x00000000d7c80000,0x00000000d7c80000,0x00000000d8180000)
 ParOldGen       total 87552K, used 0K [0x0000000081400000, 0x0000000086980000, 0x00000000d5c00000)
  object space 87552K, 0% used [0x0000000081400000,0x0000000081400000,0x0000000086980000)
 Metaspace       used 7415K, capacity 7651K, committed 7680K, reserved 1056768K
  class space    used 715K, capacity 752K, committed 768K, reserved 1048576K

Card table byte_map: [0x0000000012400000,0x0000000012800000] byte_map_base: 0x0000000011ff6000

Marking Bits: (ParMarkBitMap*) 0x000000005555c720
 Begin Bits: [0x0000000012bb0000, 0x0000000014b60000)
 End Bits:   [0x0000000014b60000, 0x0000000016b10000)

Polling page: 0x0000000001690000

CodeCache: size=245760Kb used=2845Kb max_used=2851Kb free=242914Kb
 bounds [0x0000000003400000, 0x00000000036d0000, 0x0000000012400000]
 total_blobs=1180 nmethods=696 adapters=397
 compilation: enabled

Compilation events (10 events):
Event: 1.958 Thread 0x00000000178b9800  692       3       com.badlogic.gdx.graphics.glutils.ShapeRenderer::point (125 bytes)
Event: 1.959 Thread 0x00000000178b9800 nmethod 692 0x00000000036c7550 code [0x00000000036c7740, 0x00000000036c7d48]
Event: 2.001 Thread 0x00000000178b9800  693       3       java.nio.HeapByteBuffer::compact (52 bytes)
Event: 2.002 Thread 0x00000000178b9800 nmethod 693 0x00000000036ca410 code [0x00000000036ca5c0, 0x00000000036cae08]
Event: 2.002 Thread 0x00000000178b9800  694       3       java.nio.Buffer::discardMark (6 bytes)
Event: 2.002 Thread 0x00000000178b9800 nmethod 694 0x00000000036c7250 code [0x00000000036c73a0, 0x00000000036c74f0]
Event: 2.003 Thread 0x00000000178b9800  695       3       com.badlogic.gdx.utils.Array::clear (33 bytes)
Event: 2.003 Thread 0x00000000178b9800 nmethod 695 0x00000000036c9d90 code [0x00000000036c9f00, 0x00000000036ca270]
Event: 2.018 Thread 0x00000000178b9800  696       1       com.badlogic.gdx.maps.MapLayer::getObjects (5 bytes)
Event: 2.018 Thread 0x00000000178b9800 nmethod 696 0x00000000036c9ad0 code [0x00000000036c9c20, 0x00000000036c9d30]

GC Heap History (0 events):
No events

Deoptimization events (3 events):
Event: 0.898 Thread 0x0000000019471800 Uncommon trap: reason=unstable_if action=reinterpret pc=0x0000000003647168 method=com.badlogic.gdx.utils.IntMap.get(I)Ljava/lang/Object; @ 1
Event: 0.904 Thread 0x0000000019471800 Uncommon trap: reason=predicate action=maybe_recompile pc=0x000000000364810c method=com.badlogic.gdx.maps.tiled.TiledMapTileSets.getTile(I)Lcom/badlogic/gdx/maps/tiled/TiledMapTile; @ 14
Event: 0.922 Thread 0x0000000019471800 Uncommon trap: reason=unstable_if action=reinterpret pc=0x0000000003634968 method=java.lang.CharacterDataLatin1.digit(II)I @ 31

Internal exceptions (10 events):
Event: 0.134 Thread 0x00000000016b2800 Exception <a 'java/security/PrivilegedActionException'> (0x00000000d5ea5330) thrown at [C:\re\workspace\8-2-build-windows-amd64-cygwin\jdk8u131\8869\hotspot\src\share\vm\prims\jvm.cpp, line 1390]
Event: 0.134 Thread 0x00000000016b2800 Exception <a 'java/security/PrivilegedActionException'> (0x00000000d5ea5540) thrown at [C:\re\workspace\8-2-build-windows-amd64-cygwin\jdk8u131\8869\hotspot\src\share\vm\prims\jvm.cpp, line 1390]
Event: 0.134 Thread 0x00000000016b2800 Exception <a 'java/security/PrivilegedActionException'> (0x00000000d5ea91b0) thrown at [C:\re\workspace\8-2-build-windows-amd64-cygwin\jdk8u131\8869\hotspot\src\share\vm\prims\jvm.cpp, line 1390]
Event: 0.134 Thread 0x00000000016b2800 Exception <a 'java/security/PrivilegedActionException'> (0x00000000d5ea93c0) thrown at [C:\re\workspace\8-2-build-windows-amd64-cygwin\jdk8u131\8869\hotspot\src\share\vm\prims\jvm.cpp, line 1390]
Event: 0.321 Thread 0x00000000016b2800 Exception <a 'java/security/PrivilegedActionException'> (0x00000000d5fb0cc8) thrown at [C:\re\workspace\8-2-build-windows-amd64-cygwin\jdk8u131\8869\hotspot\src\share\vm\prims\jvm.cpp, line 1390]
Event: 0.321 Thread 0x00000000016b2800 Exception <a 'java/security/PrivilegedActionException'> (0x00000000d5fb29a0) thrown at [C:\re\workspace\8-2-build-windows-amd64-cygwin\jdk8u131\8869\hotspot\src\share\vm\prims\jvm.cpp, line 1390]
Event: 0.321 Thread 0x00000000016b2800 Exception <a 'java/security/PrivilegedActionException'> (0x00000000d5fb3b10) thrown at [C:\re\workspace\8-2-build-windows-amd64-cygwin\jdk8u131\8869\hotspot\src\share\vm\prims\jvm.cpp, line 1390]
Event: 0.321 Thread 0x00000000016b2800 Exception <a 'java/security/PrivilegedActionException'> (0x00000000d5fb8c78) thrown at [C:\re\workspace\8-2-build-windows-amd64-cygwin\jdk8u131\8869\hotspot\src\share\vm\prims\jvm.cpp, line 1390]
Event: 0.322 Thread 0x00000000016b2800 Exception <a 'java/security/PrivilegedActionException'> (0x00000000d5fb98d0) thrown at [C:\re\workspace\8-2-build-windows-amd64-cygwin\jdk8u131\8869\hotspot\src\share\vm\prims\jvm.cpp, line 1390]
Event: 0.322 Thread 0x00000000016b2800 Exception <a 'java/security/PrivilegedActionException'> (0x00000000d5fba4f8) thrown at [C:\re\workspace\8-2-build-windows-amd64-cygwin\jdk8u131\8869\hotspot\src\share\vm\prims\jvm.cpp, line 1390]

Events (10 events):
Event: 1.024 loading class org/lwjgl/opengl/Sync$1 done
Event: 1.026 Thread 0x000000001a597000 Thread added: 0x000000001a597000
Event: 1.524 loading class com/badlogic/gdx/graphics/g2d/Animation$1
Event: 1.524 loading class com/badlogic/gdx/graphics/g2d/Animation$1 done
Event: 1.757 Thread 0x0000000019471800 DEOPT PACKING pc=0x0000000003693e2f sp=0x000000001a10ed20
Event: 1.757 Thread 0x0000000019471800 DEOPT UNPACKING pc=0x000000000344787f sp=0x000000001a10eb30 mode 0
Event: 2.035 loading class org/lwjgl/opengl/WindowsKeycodes
Event: 2.035 loading class org/lwjgl/opengl/WindowsKeycodes done
Event: 2.036 loading class com/badlogic/gdx/backends/lwjgl/LwjglInput$KeyEvent
Event: 2.036 loading class com/badlogic/gdx/backends/lwjgl/LwjglInput$KeyEvent done


Dynamic libraries:
0x00007ff78f1f0000 - 0x00007ff78f227000 	C:\Program Files\Java\jre1.8.0_131\bin\javaw.exe
0x00007ff89c0b0000 - 0x00007ff89c25d000 	C:\Windows\SYSTEM32\ntdll.dll
0x00007ff899f70000 - 0x00007ff89a0ae000 	C:\Windows\system32\KERNEL32.DLL
0x00007ff8992a0000 - 0x00007ff8993b5000 	C:\Windows\system32\KERNELBASE.dll
0x00007ff897b60000 - 0x00007ff897bee000 	C:\Windows\system32\apphelp.dll
0x00007ff85cb50000 - 0x00007ff85cba3000 	C:\Windows\AppPatch\AppPatch64\AcGenral.DLL
0x00007ff89a3c0000 - 0x00007ff89a46a000 	C:\Windows\system32\msvcrt.dll
0x00007ff8995a0000 - 0x00007ff8995ce000 	C:\Windows\system32\SspiCli.dll
0x00007ff89a4d0000 - 0x00007ff89a524000 	C:\Windows\system32\SHLWAPI.dll
0x00007ff89a0b0000 - 0x00007ff89a227000 	C:\Windows\system32\USER32.dll
0x00007ff899d50000 - 0x00007ff899ee4000 	C:\Windows\system32\ole32.dll
0x00007ff89aa30000 - 0x00007ff89bf58000 	C:\Windows\system32\SHELL32.dll
0x00007ff898b20000 - 0x00007ff898b41000 	C:\Windows\SYSTEM32\USERENV.dll
0x00007ff8999f0000 - 0x00007ff899a9a000 	C:\Windows\system32\ADVAPI32.dll
0x00007ff8883b0000 - 0x00007ff8883ce000 	C:\Windows\SYSTEM32\MPR.dll
0x00007ff89a8f0000 - 0x00007ff89aa30000 	C:\Windows\system32\RPCRT4.dll
0x00007ff899990000 - 0x00007ff8999e9000 	C:\Windows\SYSTEM32\sechost.dll
0x00007ff899770000 - 0x00007ff899981000 	C:\Windows\SYSTEM32\combase.dll
0x00007ff899aa0000 - 0x00007ff899bef000 	C:\Windows\system32\GDI32.dll
0x00007ff8991d0000 - 0x00007ff8991e5000 	C:\Windows\SYSTEM32\profapi.dll
0x00007ff897d60000 - 0x00007ff897e12000 	C:\Windows\SYSTEM32\SHCORE.dll
0x00007ff899730000 - 0x00007ff899766000 	C:\Windows\system32\IMM32.DLL
0x00007ff899bf0000 - 0x00007ff899d42000 	C:\Windows\system32\MSCTF.dll
0x00007ff896bc0000 - 0x00007ff896e3b000 	C:\Windows\WinSxS\amd64_microsoft.windows.common-controls_6595b64144ccf1df_6.0.9600.18006_none_623f33d3ecbe86e8\COMCTL32.dll
0x0000000055ce0000 - 0x0000000055db2000 	C:\Program Files\Java\jre1.8.0_131\bin\msvcr100.dll
0x0000000054d40000 - 0x00000000555dc000 	C:\Program Files\Java\jre1.8.0_131\bin\server\jvm.dll
0x00007ff8883e0000 - 0x00007ff8883e9000 	C:\Windows\SYSTEM32\WSOCK32.dll
0x00007ff8961a0000 - 0x00007ff8961c2000 	C:\Windows\SYSTEM32\WINMM.dll
0x00007ff895c00000 - 0x00007ff895c0a000 	C:\Windows\SYSTEM32\VERSION.dll
0x00007ff89bf60000 - 0x00007ff89bf67000 	C:\Windows\system32\PSAPI.DLL
0x00007ff89a470000 - 0x00007ff89a4ca000 	C:\Windows\system32\WS2_32.dll
0x00007ff895ea0000 - 0x00007ff895eca000 	C:\Windows\SYSTEM32\WINMMBASE.dll
0x00007ff899ef0000 - 0x00007ff899ef9000 	C:\Windows\system32\NSI.dll
0x00007ff8996e0000 - 0x00007ff89972f000 	C:\Windows\SYSTEM32\cfgmgr32.dll
0x00007ff897fe0000 - 0x00007ff898008000 	C:\Windows\SYSTEM32\DEVOBJ.dll
0x0000000054d30000 - 0x0000000054d3f000 	C:\Program Files\Java\jre1.8.0_131\bin\verify.dll
0x0000000054d00000 - 0x0000000054d29000 	C:\Program Files\Java\jre1.8.0_131\bin\java.dll
0x0000000054ce0000 - 0x0000000054cf6000 	C:\Program Files\Java\jre1.8.0_131\bin\zip.dll
0x0000000065580000 - 0x0000000065616000 	C:\Users\Luís\AppData\Local\Temp\libgdxLuís\38c81921\gdx64.dll
0x00007ff898b50000 - 0x00007ff898b70000 	C:\Windows\SYSTEM32\CRYPTSP.dll
0x00007ff898660000 - 0x00007ff898696000 	C:\Windows\system32\rsaenh.dll
0x00007ff898cb0000 - 0x00007ff898cd6000 	C:\Windows\SYSTEM32\bcrypt.dll
0x00007ff898fd0000 - 0x00007ff899033000 	C:\Windows\system32\bcryptprimitives.dll
0x00007ff899040000 - 0x00007ff89904b000 	C:\Windows\SYSTEM32\CRYPTBASE.dll
0x0000000054cc0000 - 0x0000000054cda000 	C:\Program Files\Java\jre1.8.0_131\bin\net.dll
0x00007ff898ac0000 - 0x00007ff898b19000 	C:\Windows\system32\mswsock.dll
0x00007ff893070000 - 0x00007ff89309a000 	C:\Windows\SYSTEM32\IPHLPAPI.DLL
0x00007ff893000000 - 0x00007ff89300a000 	C:\Windows\SYSTEM32\WINNSI.DLL
0x00007ff892af0000 - 0x00007ff892b06000 	C:\Windows\SYSTEM32\dhcpcsvc6.DLL
0x00007ff892c40000 - 0x00007ff892c5a000 	C:\Windows\SYSTEM32\dhcpcsvc.DLL
0x0000000055e00000 - 0x0000000055e11000 	C:\Program Files\Java\jre1.8.0_131\bin\nio.dll
0x0000000180000000 - 0x0000000180053000 	C:\Users\Luís\AppData\Local\Temp\libgdxLuís\dc0f0009\lwjgl64.dll
0x00007ff8772e0000 - 0x00007ff87740b000 	C:\Windows\SYSTEM32\OPENGL32.dll
0x00007ff877960000 - 0x00007ff87798e000 	C:\Windows\SYSTEM32\GLU32.dll
0x00007ff8826a0000 - 0x00007ff882798000 	C:\Windows\SYSTEM32\DDRAW.dll
0x00007ff882690000 - 0x00007ff882699000 	C:\Windows\SYSTEM32\DCIMAN32.dll
0x0000000001f30000 - 0x0000000001f94000 	C:\Users\LUS~1\AppData\Local\Temp\libgdxLuís\dc0f0009\OpenAL64.dll
0x00007ff898030000 - 0x00007ff89803b000 	C:\Windows\SYSTEM32\kernel.appcore.dll
0x00007ff897e60000 - 0x00007ff897f89000 	C:\Windows\system32\uxtheme.dll
0x00007ff89a240000 - 0x00007ff89a2f6000 	C:\Windows\SYSTEM32\clbcatq.dll
0x00007ff876830000 - 0x00007ff8768cd000 	C:\Windows\SYSTEM32\dsound.dll
0x00007ff899170000 - 0x00007ff8991b6000 	C:\Windows\SYSTEM32\POWRPROF.dll
0x00007ff895e20000 - 0x00007ff895e90000 	C:\Windows\System32\MMDevApi.dll
0x00007ff888320000 - 0x00007ff88839e000 	C:\Windows\SYSTEM32\AUDIOSES.DLL
0x00007ff89bfe0000 - 0x00007ff89c0a6000 	C:\Windows\system32\OLEAUT32.dll
0x00007ff8973e0000 - 0x00007ff897401000 	C:\Windows\system32\dwmapi.dll
0x00007ff863c30000 - 0x00007ff86455a000 	C:\Windows\SYSTEM32\ig8icd64.dll
0x00007ff8945d0000 - 0x00007ff894fb4000 	C:\Windows\SYSTEM32\igdusc64.dll
0x00007ff897bf0000 - 0x00007ff897c02000 	C:\Windows\SYSTEM32\WTSAPI32.dll
0x00007ff895a70000 - 0x00007ff895b02000 	C:\Windows\SYSTEM32\mscms.dll
0x00007ff878540000 - 0x00007ff878581000 	C:\Windows\SYSTEM32\icm32.dll
0x0000000066bc0000 - 0x0000000066c7b000 	C:\Users\Luís\AppData\Local\Temp\libgdxLuís\935f82d0\gdx-box2d64.dll
0x00007ff88eda0000 - 0x00007ff88ef29000 	C:\Windows\SYSTEM32\dbghelp.dll

VM Arguments:
jvm_args: -Dfile.encoding=Cp1252 
java_command: com.mygdx.game.desktop.DesktopLauncher
java_class_path (initial): C:\Users\Luís\Documents\GitHub\LPOO1617_T2G3\LPOO2\desktop\bin;C:\Users\Luís\.gradle\caches\modules-2\files-2.1\com.badlogicgames.gdx\gdx-backend-lwjgl\1.9.6\ee7c23636ee4a942d329579daecc3ec5e517fe4c\gdx-backend-lwjgl-1.9.6.jar;C:\Users\Luís\.gradle\caches\modules-2\files-2.1\com.badlogicgames.gdx\gdx-platform\1.9.6\6f84dd7a18dc68e4ec492dfbb0594f930babcf63\gdx-platform-1.9.6-natives-desktop.jar;C:\Users\Luís\.gradle\caches\modules-2\files-2.1\com.badlogicgames.gdx\gdx-box2d-platform\1.9.6\d7b6168f5afd3948fd126c0b248f66c49b73ca35\gdx-box2d-platform-1.9.6-natives-desktop.jar;C:\Users\Luís\.gradle\caches\modules-2\files-2.1\com.badlogicgames.gdx\gdx\1.9.6\47d1e9b890e364ec28f128e9bb3b9a12a94c164\gdx-1.9.6.jar;C:\Users\Luís\.gradle\caches\modules-2\files-2.1\com.badlogicgames.gdx\gdx-box2d\1.9.6\c249ef4060a4fada952f278455c8f7b9cba3c18a\gdx-box2d-1.9.6.jar;C:\Users\Luís\.gradle\caches\modules-2\files-2.1\org.lwjgl.lwjgl\lwjgl\2.9.2\a9d80fe5935c7a9149f6584d9777cfd471f65489\lwjgl-2.9.2.jar;C:\Users\Luís\.gradle\caches\modules-2\files-2.1\org.lwjgl.lwjgl\lwjgl_util\2.9.2\4b9e37300a87799856e0bd15ed81663cdb6b0947\lwjgl_util-2.9.2.jar;C:\Users\Luís\.gradle\caches\modules-2\files-2.1\com.badlogicgames.jlayer\jlayer\1.0.1-gdx\7cca83cec5c1b2f011362f4d85aabd71a73b049d\jlayer-1.0.1-gdx.jar;C:\Users\Luís\.gradle\caches\modules-2\files-2.1\org.jcraft\jorbis\0.0.17\8872d22b293e8f5d7d56ff92be966e6dc28ebdc6\jorbis-0.0.17.jar;C:\Users\Luís\.gradle\caches\modules-2\files-2.1\org.lwjgl.lwjgl\lwjgl-platform\2.9.2\510c7d317f5e9e700b9cfaac5fd38bdebf0702e0\lwjgl-platform-2.9.2-natives-windows.jar;C:\Users\Luís\.gradle\caches\modules-2\files-2.1\org.lwjgl.lwjgl\lwjgl-platform\2.9.2\d276cdf61fe2b516c7b7f4aa1b8dea91dbdc8d56\lwjgl-platform-2.9.2-natives-linux.jar;C:\Users\Luís\.gradle\caches\modules-2\files-2.1\org.lwjgl.lwjgl\lwjgl-platform\2.9.2\d55b46b40b40249d627a83a7f7f22649709d70c3\lwjgl-platform-2.9.2-natives-osx.jar;C:\Users\Luís\.gradle\caches\modules-2\files-2.
Launcher Type: SUN_STANDARD

Environment Variables:
PATH=C:/Program Files/Java/jre1.8.0_131/bin/server;C:/Program Files/Java/jre1.8.0_131/bin;C:/Program Files/Java/jre1.8.0_131/lib/amd64;C:\ProgramData\Oracle\Java\javapath;C:\Program Files (x86)\Intel\iCLS Client\;C:\Program Files\Intel\iCLS Client\;C:\Windows\system32;C:\Windows;C:\Windows\System32\Wbem;C:\Windows\System32\WindowsPowerShell\v1.0\;C:\Program Files\Intel\Intel(R) Management Engine Components\DAL;C:\Program Files (x86)\Intel\Intel(R) Management Engine Components\DAL;C:\Program Files\Intel\Intel(R) Management Engine Components\IPT;C:\Program Files (x86)\Intel\Intel(R) Management Engine Components\IPT;C:\Program Files\Intel\WiFi\bin\;C:\Program Files\Common Files\Intel\WirelessCommon\;C:\Program Files (x86)\Skype\Phone\;C:\Users\Luís\.dnx\bin;C:\Program Files\Microsoft DNX\Dnvm\;C:\Program Files\Microsoft SQL Server\120\Tools\Binn\;C:\Program Files (x86)\GtkSharp\2.12\bin;C:\Program Files (x86)\NVIDIA Corporation\PhysX\Common;C:\Program Files\doxygen\bin;C:\Program Files\Microsoft SQL Server\130\Tools\Binn\;C:\Program Files (x86)\Windows Kits\10\Windows Performance Toolkit\;C:\Program Files\Microsoft\Web Platform Installer\;C:\Program Files\dotnet\;C:\MinGW\bin;;C:\Users\Luís\Desktop\eclipse;
USERNAME=Luís
OS=Windows_NT
PROCESSOR_IDENTIFIER=Intel64 Family 6 Model 61 Stepping 4, GenuineIntel



---------------  S Y S T E M  ---------------

OS: Windows 8.1 , 64 bit Build 9600 (6.3.9600.17415)

CPU:total 4 (initial active 4) (2 cores per cpu, 2 threads per core) family 6 model 61 stepping 4, cmov, cx8, fxsr, mmx, sse, sse2, sse3, ssse3, sse4.1, sse4.2, popcnt, avx, avx2, aes, clmul, erms, 3dnowpref, lzcnt, ht, tsc, tscinvbit, bmi1, bmi2, adx

Memory: 4k page, physical 8300688k(2882316k free), swap 12996752k(6334248k free)

vm_info: Java HotSpot(TM) 64-Bit Server VM (25.131-b11) for windows-amd64 JRE (1.8.0_131-b11), built on Mar 15 2017 01:23:53 by "java_re" with MS VC++ 10.0 (VS2010)

time: Mon May 01 00:06:56 2017
elapsed time: 2 seconds (0d 0h 0m 2s)

